<?xml version="1.0" encoding="UTF-8"?>
<coverage generated="1772733785964" clover="3.2.0">
  <project timestamp="1772733785964" name="All files">
    <metrics statements="16" coveredstatements="16" conditionals="18" coveredconditionals="18" methods="1" coveredmethods="1" elements="35" coveredelements="35" complexity="0" loc="16" ncloc="16" packages="1" files="1" classes="1"/>
    <file name="password.ts" path="C:\Users\Utilisateur\Music\dev3-backend-tp1\server\src\routes\utils\password.ts">
      <metrics statements="16" coveredstatements="16" conditionals="18" coveredconditionals="18" methods="1" coveredmethods="1"/>
      <line num="1" count="1" type="stmt"/>
      <line num="2" count="13" type="cond" truecount="1" falsecount="0"/>
      <line num="3" count="12" type="cond" truecount="1" falsecount="0"/>
      <line num="4" count="11" type="cond" truecount="1" falsecount="0"/>
      <line num="6" count="10" type="stmt"/>
      <line num="7" count="10" type="stmt"/>
      <line num="8" count="10" type="stmt"/>
      <line num="9" count="10" type="stmt"/>
      <line num="11" count="10" type="cond" truecount="2" falsecount="0"/>
      <line num="13" count="2" type="cond" truecount="1" falsecount="0"/>
      <line num="14" count="1" type="stmt"/>
      <line num="15" count="8" type="cond" truecount="4" falsecount="0"/>
      <line num="17" count="5" type="cond" truecount="4" falsecount="0"/>
      <line num="18" count="2" type="cond" truecount="1" falsecount="0"/>
      <line num="21" count="3" type="cond" truecount="3" falsecount="0"/>
      <line num="24" count="3" type="stmt"/>
    </file>
  </project>
</coverage>
