TN:
SF:src\routes\utils\password.ts
FN:1,(anonymous_0)
FNF:1
FNH:1
FNDA:13,(anonymous_0)
DA:1,1
DA:2,13
DA:3,12
DA:4,11
DA:6,10
DA:7,10
DA:8,10
DA:9,10
DA:11,10
DA:13,2
DA:14,1
DA:15,8
DA:17,5
DA:18,2
DA:21,3
DA:24,3
LF:16
LH:16
BRDA:2,0,0,1
BRDA:3,1,0,1
BRDA:4,2,0,1
BRDA:11,3,0,2
BRDA:11,3,1,8
BRDA:13,4,0,1
BRDA:15,5,0,5
BRDA:15,5,1,3
BRDA:15,6,0,8
BRDA:15,6,1,8
BRDA:17,7,0,3
BRDA:17,8,0,5
BRDA:17,8,1,4
BRDA:17,8,2,3
BRDA:18,9,0,1
BRDA:21,10,0,1
BRDA:21,11,0,3
BRDA:21,11,1,2
BRF:18
BRH:18
end_of_record
